# JRE version: OpenJDK Runtime Environment Temurin-23.0.1+11 (23.0.1+11) (build 23.0.1+11)
# Java VM: OpenJDK 64-Bit Server VM Temurin-23.0.1+11 (23.0.1+11, mixed mode, sharing, tiered, compressed oops, compressed class ptrs, g1 gc, windows-amd64)
GC Precious Log:
 CardTable entry size: 512
 Card Set container configuration: InlinePtr #cards 4 size 8 Array Of Cards #cards 16 size 48 Howl #buckets 8 coarsen threshold 3686 Howl Bitmap #cards 512 size 80 coarsen threshold 460 Card regions per heap region 1 cards per card region 4096
 CPUs: 16 total, 16 available
 Memory: 15734M
 Large Page Support: Disabled
 NUMA Support: Disabled
 Compressed Oops: Enabled (Zero based)
 Heap Region Size: 2M
 Heap Min Capacity: 8M
 Heap Initial Capacity: 246M
 Heap Max Capacity: 3934M
 Pre-touch: Disabled
 Parallel Workers: 13
 Concurrent Workers: 3
 Concurrent Refinement Workers: 13
 Periodic GC: Disabled
Heap:
 garbage-first heap   total reserved 4028416K, committed 137216K, used 126921K [0x000000070a200000, 0x0000000800000000)
  region size 2048K, 37 young (75776K), 4 survivors (8192K)
 Metaspace       used 106367K, committed 107520K, reserved 1179648K
  class space    used 12360K, committed 12864K, reserved 1048576K
GC Heap History (20 events):
Event: 19833.913 GC heap after
{Heap after GC invocations=1667 (full 23):
 garbage-first heap   total reserved 4028416K, committed 137216K, used 54894K [0x000000070a200000, 0x0000000800000000)
  region size 2048K, 2 young (4096K), 2 survivors (4096K)
 Metaspace       used 106055K, committed 107200K, reserved 1179648K
  class space    used 12333K, committed 12800K, reserved 1048576K
}
Event: 19836.538 GC heap before
{Heap before GC invocations=1667 (full 23):
 garbage-first heap   total reserved 4028416K, committed 137216K, used 122478K [0x000000070a200000, 0x0000000800000000)
  region size 2048K, 35 young (71680K), 2 survivors (4096K)
 Metaspace       used 106097K, committed 107264K, reserved 1179648K
  class space    used 12343K, committed 12800K, reserved 1048576K
}
Event: 19836.543 GC heap after
{Heap after GC invocations=1668 (full 23):
 garbage-first heap   total reserved 4028416K, committed 137216K, used 59355K [0x000000070a200000, 0x0000000800000000)
  region size 2048K, 4 young (8192K), 4 survivors (8192K)
 Metaspace       used 106097K, committed 107264K, reserved 1179648K
  class space    used 12343K, committed 12800K, reserved 1048576K
}
Event: 19837.183 GC heap before
{Heap before GC invocations=1669 (full 23):
 garbage-first heap   total reserved 4028416K, committed 137216K, used 116699K [0x000000070a200000, 0x0000000800000000)
  region size 2048K, 33 young (67584K), 4 survivors (8192K)
 Metaspace       used 106322K, committed 107520K, reserved 1179648K
  class space    used 12358K, committed 12864K, reserved 1048576K
}
Event: 19837.190 GC heap after
{Heap after GC invocations=1670 (full 23):
 garbage-first heap   total reserved 4028416K, committed 137216K, used 64110K [0x000000070a200000, 0x0000000800000000)
  region size 2048K, 3 young (6144K), 3 survivors (6144K)
 Metaspace       used 106322K, committed 107520K, reserved 1179648K
  class space    used 12358K, committed 12864K, reserved 1048576K
}
Event: 19840.583 GC heap before
{Heap before GC invocations=1670 (full 23):
 garbage-first heap   total reserved 4028416K, committed 137216K, used 121454K [0x000000070a200000, 0x0000000800000000)
  region size 2048K, 31 young (63488K), 3 survivors (6144K)
 Metaspace       used 106367K, committed 107520K, reserved 1179648K
  class space    used 12360K, committed 12864K, reserved 1048576K
}
Event: 19840.587 GC heap after
{Heap after GC invocations=1671 (full 23):
 garbage-first heap   total reserved 4028416K, committed 137216K, used 61439K [0x000000070a200000, 0x0000000800000000)
  region size 2048K, 1 young (2048K), 1 survivors (2048K)
 Metaspace       used 106367K, committed 107520K, reserved 1179648K
  class space    used 12360K, committed 12864K, reserved 1048576K
}
Event: 19844.487 GC heap before
{Heap before GC invocations=1671 (full 23):
 garbage-first heap   total reserved 4028416K, committed 137216K, used 122879K [0x000000070a200000, 0x0000000800000000)
  region size 2048K, 31 young (63488K), 1 survivors (2048K)
 Metaspace       used 106367K, committed 107520K, reserved 1179648K
  class space    used 12360K, committed 12864K, reserved 1048576K
}
Event: 19844.490 GC heap after
{Heap after GC invocations=1672 (full 23):
 garbage-first heap   total reserved 4028416K, committed 137216K, used 63484K [0x000000070a200000, 0x0000000800000000)
  region size 2048K, 2 young (4096K), 2 survivors (4096K)
 Metaspace       used 106367K, committed 107520K, reserved 1179648K
  class space    used 12360K, committed 12864K, reserved 1048576K
}
Event: 19848.596 GC heap before
{Heap before GC invocations=1673 (full 23):
 garbage-first heap   total reserved 4028416K, committed 137216K, used 122876K [0x000000070a200000, 0x0000000800000000)
  region size 2048K, 31 young (63488K), 2 survivors (4096K)
 Metaspace       used 106367K, committed 107520K, reserved 1179648K
  class space    used 12360K, committed 12864K, reserved 1048576K
}
Event: 19848.600 GC heap after
{Heap after GC invocations=1674 (full 23):
 garbage-first heap   total reserved 4028416K, committed 137216K, used 62884K [0x000000070a200000, 0x0000000800000000)
  region size 2048K, 2 young (4096K), 2 survivors (4096K)
 Metaspace       used 106367K, committed 107520K, reserved 1179648K
  class space    used 12360K, committed 12864K, reserved 1048576K
}
Event: 19852.483 GC heap before
{Heap before GC invocations=1674 (full 23):
 garbage-first heap   total reserved 4028416K, committed 137216K, used 122276K [0x000000070a200000, 0x0000000800000000)
  region size 2048K, 31 young (63488K), 2 survivors (4096K)
 Metaspace       used 106367K, committed 107520K, reserved 1179648K
  class space    used 12360K, committed 12864K, reserved 1048576K
}
Event: 19852.486 GC heap after
{Heap after GC invocations=1675 (full 23):
 garbage-first heap   total reserved 4028416K, committed 137216K, used 59996K [0x000000070a200000, 0x0000000800000000)
  region size 2048K, 1 young (2048K), 1 survivors (2048K)
 Metaspace       used 106367K, committed 107520K, reserved 1179648K
  class space    used 12360K, committed 12864K, reserved 1048576K
}
Event: 19856.845 GC heap before
{Heap before GC invocations=1675 (full 23):
 garbage-first heap   total reserved 4028416K, committed 137216K, used 125532K [0x000000070a200000, 0x0000000800000000)
  region size 2048K, 33 young (67584K), 1 survivors (2048K)
 Metaspace       used 106367K, committed 107520K, reserved 1179648K
  class space    used 12360K, committed 12864K, reserved 1048576K
}
Event: 19856.848 GC heap after
{Heap after GC invocations=1676 (full 23):
 garbage-first heap   total reserved 4028416K, committed 137216K, used 59924K [0x000000070a200000, 0x0000000800000000)
  region size 2048K, 1 young (2048K), 1 survivors (2048K)
 Metaspace       used 106367K, committed 107520K, reserved 1179648K
  class space    used 12360K, committed 12864K, reserved 1048576K
}
Event: 19861.148 GC heap before
{Heap before GC invocations=1677 (full 23):
 garbage-first heap   total reserved 4028416K, committed 137216K, used 125460K [0x000000070a200000, 0x0000000800000000)
  region size 2048K, 33 young (67584K), 1 survivors (2048K)
 Metaspace       used 106367K, committed 107520K, reserved 1179648K
  class space    used 12360K, committed 12864K, reserved 1048576K
}
Event: 19861.150 GC heap after
{Heap after GC invocations=1678 (full 23):
 garbage-first heap   total reserved 4028416K, committed 137216K, used 60010K [0x000000070a200000, 0x0000000800000000)
  region size 2048K, 1 young (2048K), 1 survivors (2048K)
 Metaspace       used 106367K, committed 107520K, reserved 1179648K
  class space    used 12360K, committed 12864K, reserved 1048576K
}
Event: 19865.446 GC heap before
{Heap before GC invocations=1678 (full 23):
 garbage-first heap   total reserved 4028416K, committed 137216K, used 125546K [0x000000070a200000, 0x0000000800000000)
  region size 2048K, 33 young (67584K), 1 survivors (2048K)
 Metaspace       used 106367K, committed 107520K, reserved 1179648K
  class space    used 12360K, committed 12864K, reserved 1048576K
}
Event: 19865.449 GC heap after
{Heap after GC invocations=1679 (full 23):
 garbage-first heap   total reserved 4028416K, committed 137216K, used 59337K [0x000000070a200000, 0x0000000800000000)
  region size 2048K, 1 young (2048K), 1 survivors (2048K)
 Metaspace       used 106367K, committed 107520K, reserved 1179648K
  class space    used 12360K, committed 12864K, reserved 1048576K
}
Event: 19869.408 GC heap before
{Heap before GC invocations=1679 (full 23):
 garbage-first heap   total reserved 4028416K, committed 137216K, used 126921K [0x000000070a200000, 0x0000000800000000)
  region size 2048K, 34 young (69632K), 1 survivors (2048K)
 Metaspace       used 106367K, committed 107520K, reserved 1179648K
  class space    used 12360K, committed 12864K, reserved 1048576K
}

