# JRE version: OpenJDK Runtime Environment Temurin-23.0.1+11 (23.0.1+11) (build 23.0.1+11)
# Java VM: OpenJDK 64-Bit Server VM Temurin-23.0.1+11 (23.0.1+11, mixed mode, sharing, tiered, compressed oops, compressed class ptrs, g1 gc, windows-amd64)
GC Precious Log:
 CardTable entry size: 512
 Card Set container configuration: InlinePtr #cards 4 size 8 Array Of Cards #cards 16 size 48 Howl #buckets 8 coarsen threshold 3686 Howl Bitmap #cards 512 size 80 coarsen threshold 460 Card regions per heap region 1 cards per card region 4096
 CPUs: 16 total, 16 available
 Memory: 15734M
 Large Page Support: Disabled
 NUMA Support: Disabled
 Compressed Oops: Enabled (Zero based)
 Heap Region Size: 2M
 Heap Min Capacity: 8M
 Heap Initial Capacity: 246M
 Heap Max Capacity: 3934M
 Pre-touch: Disabled
 Parallel Workers: 13
 Concurrent Workers: 3
 Concurrent Refinement Workers: 13
 Periodic GC: Disabled
Heap:
 garbage-first heap   total reserved 4028416K, committed 163840K, used 84810K [0x000000070a200000, 0x0000000800000000)
  region size 2048K, 19 young (38912K), 1 survivors (2048K)
 Metaspace       used 114776K, committed 115968K, reserved 1179648K
  class space    used 13557K, committed 14080K, reserved 1048576K
GC Heap History (20 events):
Event: 9182.979 GC heap before
{Heap before GC invocations=984 (full 34):
 garbage-first heap   total reserved 4028416K, committed 163840K, used 139117K [0x000000070a200000, 0x0000000800000000)
  region size 2048K, 48 young (98304K), 0 survivors (0K)
 Metaspace       used 113084K, committed 114304K, reserved 1179648K
  class space    used 13418K, committed 13952K, reserved 1048576K
}
Event: 9182.984 GC heap after
{Heap after GC invocations=985 (full 34):
 garbage-first heap   total reserved 4028416K, committed 163840K, used 49705K [0x000000070a200000, 0x0000000800000000)
  region size 2048K, 4 young (8192K), 4 survivors (8192K)
 Metaspace       used 113084K, committed 114304K, reserved 1179648K
  class space    used 13418K, committed 13952K, reserved 1048576K
}
Event: 9188.735 GC heap before
{Heap before GC invocations=986 (full 34):
 garbage-first heap   total reserved 4028416K, committed 163840K, used 82473K [0x000000070a200000, 0x0000000800000000)
  region size 2048K, 21 young (43008K), 4 survivors (8192K)
 Metaspace       used 113133K, committed 114368K, reserved 1179648K
  class space    used 13418K, committed 13952K, reserved 1048576K
}
Event: 9188.828 GC heap after
{Heap after GC invocations=987 (full 35):
 garbage-first heap   total reserved 4028416K, committed 163840K, used 42859K [0x000000070a200000, 0x0000000800000000)
  region size 2048K, 0 young (0K), 0 survivors (0K)
 Metaspace       used 113115K, committed 114368K, reserved 1179648K
  class space    used 13417K, committed 13952K, reserved 1048576K
}
Event: 9189.777 GC heap before
{Heap before GC invocations=987 (full 35):
 garbage-first heap   total reserved 4028416K, committed 163840K, used 139115K [0x000000070a200000, 0x0000000800000000)
  region size 2048K, 48 young (98304K), 0 survivors (0K)
 Metaspace       used 113663K, committed 114880K, reserved 1179648K
  class space    used 13460K, committed 14016K, reserved 1048576K
}
Event: 9189.782 GC heap after
{Heap after GC invocations=988 (full 35):
 garbage-first heap   total reserved 4028416K, committed 163840K, used 49205K [0x000000070a200000, 0x0000000800000000)
  region size 2048K, 4 young (8192K), 4 survivors (8192K)
 Metaspace       used 113663K, committed 114880K, reserved 1179648K
  class space    used 13460K, committed 14016K, reserved 1048576K
}
Event: 9208.034 GC heap before
{Heap before GC invocations=989 (full 35):
 garbage-first heap   total reserved 4028416K, committed 163840K, used 137269K [0x000000070a200000, 0x0000000800000000)
  region size 2048K, 47 young (96256K), 4 survivors (8192K)
 Metaspace       used 113664K, committed 114880K, reserved 1179648K
  class space    used 13460K, committed 14016K, reserved 1048576K
}
Event: 9208.039 GC heap after
{Heap after GC invocations=990 (full 35):
 garbage-first heap   total reserved 4028416K, committed 163840K, used 48610K [0x000000070a200000, 0x0000000800000000)
  region size 2048K, 3 young (6144K), 3 survivors (6144K)
 Metaspace       used 113664K, committed 114880K, reserved 1179648K
  class space    used 13460K, committed 14016K, reserved 1048576K
}
Event: 9210.324 GC heap before
{Heap before GC invocations=990 (full 35):
 garbage-first heap   total reserved 4028416K, committed 163840K, used 62946K [0x000000070a200000, 0x0000000800000000)
  region size 2048K, 11 young (22528K), 3 survivors (6144K)
 Metaspace       used 113668K, committed 114880K, reserved 1179648K
  class space    used 13461K, committed 14016K, reserved 1048576K
}
Event: 9210.423 GC heap after
{Heap after GC invocations=991 (full 36):
 garbage-first heap   total reserved 4028416K, committed 163840K, used 42528K [0x000000070a200000, 0x0000000800000000)
  region size 2048K, 0 young (0K), 0 survivors (0K)
 Metaspace       used 113650K, committed 114880K, reserved 1179648K
  class space    used 13459K, committed 14016K, reserved 1048576K
}
Event: 9211.519 GC heap before
{Heap before GC invocations=991 (full 36):
 garbage-first heap   total reserved 4028416K, committed 163840K, used 138784K [0x000000070a200000, 0x0000000800000000)
  region size 2048K, 48 young (98304K), 0 survivors (0K)
 Metaspace       used 114235K, committed 115392K, reserved 1179648K
  class space    used 13510K, committed 14016K, reserved 1048576K
}
Event: 9211.523 GC heap after
{Heap after GC invocations=992 (full 36):
 garbage-first heap   total reserved 4028416K, committed 163840K, used 49031K [0x000000070a200000, 0x0000000800000000)
  region size 2048K, 4 young (8192K), 4 survivors (8192K)
 Metaspace       used 114235K, committed 115392K, reserved 1179648K
  class space    used 13510K, committed 14016K, reserved 1048576K
}
Event: 9229.864 GC heap before
{Heap before GC invocations=993 (full 36):
 garbage-first heap   total reserved 4028416K, committed 163840K, used 139143K [0x000000070a200000, 0x0000000800000000)
  region size 2048K, 48 young (98304K), 4 survivors (8192K)
 Metaspace       used 114235K, committed 115392K, reserved 1179648K
  class space    used 13510K, committed 14016K, reserved 1048576K
}
Event: 9229.868 GC heap after
{Heap after GC invocations=994 (full 36):
 garbage-first heap   total reserved 4028416K, committed 163840K, used 49251K [0x000000070a200000, 0x0000000800000000)
  region size 2048K, 4 young (8192K), 4 survivors (8192K)
 Metaspace       used 114235K, committed 115392K, reserved 1179648K
  class space    used 13510K, committed 14016K, reserved 1048576K
}
Event: 9230.986 GC heap before
{Heap before GC invocations=994 (full 36):
 garbage-first heap   total reserved 4028416K, committed 163840K, used 57443K [0x000000070a200000, 0x0000000800000000)
  region size 2048K, 9 young (18432K), 4 survivors (8192K)
 Metaspace       used 114239K, committed 115456K, reserved 1179648K
  class space    used 13511K, committed 14080K, reserved 1048576K
}
Event: 9231.087 GC heap after
{Heap after GC invocations=995 (full 37):
 garbage-first heap   total reserved 4028416K, committed 163840K, used 42756K [0x000000070a200000, 0x0000000800000000)
  region size 2048K, 0 young (0K), 0 survivors (0K)
 Metaspace       used 114220K, committed 115456K, reserved 1179648K
  class space    used 13510K, committed 14080K, reserved 1048576K
}
Event: 9234.921 GC heap before
{Heap before GC invocations=995 (full 37):
 garbage-first heap   total reserved 4028416K, committed 163840K, used 139012K [0x000000070a200000, 0x0000000800000000)
  region size 2048K, 48 young (98304K), 0 survivors (0K)
 Metaspace       used 114774K, committed 115968K, reserved 1179648K
  class space    used 13556K, committed 14080K, reserved 1048576K
}
Event: 9234.927 GC heap after
{Heap after GC invocations=996 (full 37):
 garbage-first heap   total reserved 4028416K, committed 163840K, used 49998K [0x000000070a200000, 0x0000000800000000)
  region size 2048K, 4 young (8192K), 4 survivors (8192K)
 Metaspace       used 114774K, committed 115968K, reserved 1179648K
  class space    used 13556K, committed 14080K, reserved 1048576K
}
Event: 9257.028 GC heap before
{Heap before GC invocations=997 (full 37):
 garbage-first heap   total reserved 4028416K, committed 163840K, used 140110K [0x000000070a200000, 0x0000000800000000)
  region size 2048K, 48 young (98304K), 4 survivors (8192K)
 Metaspace       used 114774K, committed 115968K, reserved 1179648K
  class space    used 13556K, committed 14080K, reserved 1048576K
}
Event: 9257.033 GC heap after
{Heap after GC invocations=998 (full 37):
 garbage-first heap   total reserved 4028416K, committed 163840K, used 49994K [0x000000070a200000, 0x0000000800000000)
  region size 2048K, 1 young (2048K), 1 survivors (2048K)
 Metaspace       used 114774K, committed 115968K, reserved 1179648K
  class space    used 13556K, committed 14080K, reserved 1048576K
}

